<?xml version="1.0" encoding="UTF-8"?>
<!-- Generated by org.testng.reporters.JUnitXMLReporter -->
<testsuite hostname="VireshT-PC" name="CrossTest" tests="11" failures="2" timestamp="28 Apr 2016 07:57:53 GMT" time="1112.932" errors="0">
  <testcase name="verifyMidas_OurStory1970Page" time="43.677" classname="test.java.com.MusicGroup.scripts.UnifiedTestCases.Midas_OurStory1970"/>
  <testcase name="verifyMidas_OurStory1974Page" time="53.082" classname="test.java.com.MusicGroup.scripts.UnifiedTestCases.Midas_OurStory1974"/>
  <testcase name="verifyMidas_OurStory1986Page" time="128.94" classname="test.java.com.MusicGroup.scripts.UnifiedTestCases.Midas_OurStory1986"/>
  <testcase name="verifyMidas_OurStory1987Page" time="57.312" classname="test.java.com.MusicGroup.scripts.UnifiedTestCases.Midas_OurStory1987"/>
  <testcase name="verifyMidas_OurStory1990Page" time="40.601" classname="test.java.com.MusicGroup.scripts.UnifiedTestCases.Midas_OurStory1990"/>
  <testcase name="verifyMidas_OurStory1990Page" time="114.043" classname="test.java.com.MusicGroup.scripts.UnifiedTestCases.Midas_OurStory1995"/>
  <testcase name="verifyMidas_OurStory1996Page" time="41.295" classname="test.java.com.MusicGroup.scripts.UnifiedTestCases.Midas_OurStory1996">
    <failure type="java.lang.AssertionError" message="locator not found">
      <![CDATA[java.lang.AssertionError: locator not found
	at test.java.com.MusicGroup.pagehelper.Midas_OurStory1996_Helper.clickOurStory1970(Midas_OurStory1996_Helper.java:63)
	at test.java.com.MusicGroup.pagehelper.Midas_OurStory1996_Helper.ReachUptoOurStoryPage(Midas_OurStory1996_Helper.java:93)
	at test.java.com.MusicGroup.pagehelper.Midas_OurStory1996_Helper.verifyMidasOurStory1996Page(Midas_OurStory1996_Helper.java:102)
	at test.java.com.MusicGroup.scripts.UnifiedTestCases.Midas_OurStory1996.verifyMidas_OurStory1996Page(Midas_OurStory1996.java:30)
... Removed 24 stack frames]]>
    </failure>
  </testcase> <!-- verifyMidas_OurStory1996Page -->
  <testcase name="verifyMidas_OurStory1998Page" time="34.197" classname="test.java.com.MusicGroup.scripts.UnifiedTestCases.Midas_OurStory1998"/>
  <testcase name="verifyMidas_OurStory2002Page" time="37.885" classname="test.java.com.MusicGroup.scripts.UnifiedTestCases.Midas_OurStory2002">
    <failure type="java.lang.AssertionError" message="locator not found">
      <![CDATA[java.lang.AssertionError: locator not found
	at test.java.com.MusicGroup.pagehelper.Midas_OurStory2002_Helper.clickOurStory1970(Midas_OurStory2002_Helper.java:63)
	at test.java.com.MusicGroup.pagehelper.Midas_OurStory2002_Helper.ReachUptoOurStoryPage(Midas_OurStory2002_Helper.java:91)
	at test.java.com.MusicGroup.pagehelper.Midas_OurStory2002_Helper.verifyMidasOurStory2002Page(Midas_OurStory2002_Helper.java:100)
	at test.java.com.MusicGroup.scripts.UnifiedTestCases.Midas_OurStory2002.verifyMidas_OurStory2002Page(Midas_OurStory2002.java:32)
... Removed 24 stack frames]]>
    </failure>
  </testcase> <!-- verifyMidas_OurStory2002Page -->
  <testcase name="verifyMidas_OurStory2003Page" time="66.669" classname="test.java.com.MusicGroup.scripts.UnifiedTestCases.Midas_OurStory2003"/>
  <testcase name="verifyMidas_OurStory2004Page" time="102.016" classname="test.java.com.MusicGroup.scripts.UnifiedTestCases.Midas_OurStory2004"/>
</testsuite> <!-- CrossTest -->
